Starting pre-upgrade checks...
Enter password for all switches: 
Pre-checks for 192.168.86.28 - Disk Space:
User Access Verification
Pre-checks for 192.168.86.28 - Interface Status:
User Access Verification

--------------------------------------------------------------------------------
Port   VRF          Status IP Address                              Speed    MTU
--------------------------------------------------------------------------------
mgmt0  --           up     --                                      1000     1500

--------------------------------------------------------------------------------
Ethernet      VLAN    Type Mode   Status  Reason                   Speed     Port
Interface                                                                    Ch #
--------------------------------------------------------------------------------
Eth1/1        --      eth  routed up      none                       1000(D) --
Eth1/2        --      eth  routed up      none                       1000(D) --
Eth1/3        1       eth  access up      none                       1000(D) --
Eth1/4        1       eth  access up      none                       1000(D) --
Eth1/5        1       eth  access up      none                       1000(D) --
Eth1/6        1       eth  access up      none                       1000(D) --
Eth1/7        1       eth  access up      none                       1000(D) --
Eth1/8        1       eth  access down    Link not connected         auto(D) --
Eth1/9        1       eth  access down    Link not connected         auto(D) --
Eth1/10       1       eth  access down    Link not connected         auto(D) --
Eth1/11       1       eth  access down    Link not connected         auto(D) --
Eth1/12       1       eth  access down    Link not connected         auto(D) --
Eth1/13       1       eth  access down    Link not connected         auto(D) --
Eth1/14       1       eth  access down    Link not connected         auto(D) --
Eth1/15       1       eth  access down    Link not connected         auto(D) --
Eth1/16       1       eth  access down    Link not connected         auto(D) --
Eth1/17       1       eth  access down    Link not connected         auto(D) --
Eth1/18       1       eth  access down    Link not connected         auto(D) --
Eth1/19       1       eth  access down    Link not connected         auto(D) --
Eth1/20       1       eth  access down    Link not connected         auto(D) --
Eth1/21       1       eth  access down    Link not connected         auto(D) --
Eth1/22       1       eth  access down    Link not connected         auto(D) --
Eth1/23       1       eth  access down    Link not connected         auto(D) --
Eth1/24       1       eth  access down    Link not connected         auto(D) --
Eth1/25       1       eth  access down    Link not connected         auto(D) --
Eth1/26       1       eth  access down    Link not connected         auto(D) --
Eth1/27       1       eth  access down    Link not connected         auto(D) --
Eth1/28       1       eth  access down    Link not connected         auto(D) --
Eth1/29       1       eth  access down    Link not connected         auto(D) --
Eth1/30       1       eth  access down    Link not connected         auto(D) --
Eth1/31       1       eth  access down    Link not connected         auto(D) --
Eth1/32       1       eth  access down    Link not connected         auto(D) --
Eth1/33       1       eth  access down    Link not connected         auto(D) --
Eth1/34       1       eth  access down    Link not connected         auto(D) --
Eth1/35       1       eth  access down    Link not connected         auto(D) --
Eth1/36       1       eth  access down    Link not connected         auto(D) --
Eth1/37       1       eth  access down    Link not connected         auto(D) --
Eth1/38       1       eth  access down    Link not connected         auto(D) --
Eth1/39       1       eth  access down    Link not connected         auto(D) --
Eth1/40       1       eth  access down    Link not connected         auto(D) --
Eth1/41       1       eth  access down    Link not connected         auto(D) --
Eth1/42       1       eth  access down    Link not connected         auto(D) --
Eth1/43       1       eth  access down    Link not connected         auto(D) --
Eth1/44       1       eth  access down    Link not connected         auto(D) --
Eth1/45       1       eth  access down    Link not connected         auto(D) --
Eth1/46       1       eth  access down    Link not connected         auto(D) --
Eth1/47       1       eth  access down    Link not connected         auto(D) --
Eth1/48       1       eth  access down    Link not connected         auto(D) --
Eth1/49       1       eth  access down    Link not connected         auto(D) --
Eth1/50       --      eth  routed down    Link not connected         auto(D) --
Eth1/51       --      eth  routed down    Link not connected         auto(D) --
Eth1/52       --      eth  routed down    Link not connected         auto(D) --
Eth1/53       --      eth  routed down    Link not connected         auto(D) --
Eth1/54       --      eth  routed down    Link not connected         auto(D) --
Eth1/55       --      eth  routed down    Link not connected         auto(D) --
Eth1/56       --      eth  routed down    Link not connected         auto(D) --
Eth1/57       --      eth  routed down    Link not connected         auto(D) --
Eth1/58       --      eth  routed down    Link not connected         auto(D) --
Eth1/59       --      eth  routed down    Link not connected         auto(D) --
Eth1/60       --      eth  routed down    Link not connected         auto(D) --
Eth1/61       --      eth  routed down    Link not connected         auto(D) --
Eth1/62       --      eth  routed down    Link not connected         auto(D) --
Eth1/63       --      eth  routed down    Link not connected         auto(D) --
Eth1/64       --      eth  routed down    Link not connected         auto(D) --

--------------------------------------------------------------------------------
Interface     Status     Description
--------------------------------------------------------------------------------
Lo14          up         --
Pre-checks for 192.168.86.28 - Show Version:
User Access Verification
Cisco Nexus Operating System (NX-OS) Software
TAC support: http://www.cisco.com/tac
Documents: http://www.cisco.com/en/US/products/ps9372/tsd_products_support_series_home.html
Copyright (c) 2002-2017, Cisco Systems, Inc. All rights reserved.
The copyrights to certain works contained herein are owned by
other third parties and are used and distributed under license.
Some parts of this software are covered under the GNU Public
License. A copy of the license is available at
http://www.gnu.org/licenses/gpl.html.

NX-OSv9K is a demo version of the Nexus Operating System

Software
  BIOS: version 
  NXOS: version 7.0(3)I5(2)
  BIOS compile time:  
  NXOS image file is: bootflash:///nxos.7.0.3.I5.2.bin
  NXOS compile time:  2/16/2017 8:00:00 [02/16/2017 17:03:27]


Hardware
  cisco NX-OSv Chassis 
   with 8160556 kB of memory.
  Processor Board ID 94F27B79FNT

  Device name: NXOS-2
  bootflash:    3509454 kB
Kernel uptime is 0 day(s), 1 hour(s), 15 minute(s), 36 second(s)

Last reset 
  Reason: Unknown
  System version: 
  Service: 

plugin
  Core Plugin, Ethernet Plugin

Active Package(s):
	
--------------------------------------------------------
Pre-upgrade checks passed for 192.168.86.28!
Pre-checks for 192.168.86.135 - Disk Space:
User Access Verification
Pre-checks for 192.168.86.135 - Interface Status:
User Access Verification

--------------------------------------------------------------------------------
Port   VRF          Status IP Address                              Speed    MTU
--------------------------------------------------------------------------------
mgmt0  --           up     --                                      1000     1500

--------------------------------------------------------------------------------
Ethernet      VLAN    Type Mode   Status  Reason                   Speed     Port
Interface                                                                    Ch #
--------------------------------------------------------------------------------
Eth1/1        --      eth  routed up      none                       1000(D) --
Eth1/2        --      eth  routed up      none                       1000(D) --
Eth1/3        --      eth  routed up      none                       1000(D) --
Eth1/4        --      eth  routed up      none                       1000(D) --
Eth1/5        1       eth  access up      none                       1000(D) --
Eth1/6        1       eth  access up      none                       1000(D) --
Eth1/7        1       eth  access up      none                       1000(D) --
Eth1/8        1       eth  access down    Link not connected         auto(D) --
Eth1/9        1       eth  access down    Link not connected         auto(D) --
Eth1/10       1       eth  access down    Link not connected         auto(D) --
Eth1/11       1       eth  access down    Link not connected         auto(D) --
Eth1/12       1       eth  access down    Link not connected         auto(D) --
Eth1/13       1       eth  access down    Link not connected         auto(D) --
Eth1/14       1       eth  access down    Link not connected         auto(D) --
Eth1/15       1       eth  access down    Link not connected         auto(D) --
Eth1/16       1       eth  access down    Link not connected         auto(D) --
Eth1/17       1       eth  access down    Link not connected         auto(D) --
Eth1/18       1       eth  access down    Link not connected         auto(D) --
Eth1/19       1       eth  access down    Link not connected         auto(D) --
Eth1/20       1       eth  access down    Link not connected         auto(D) --
Eth1/21       1       eth  access down    Link not connected         auto(D) --
Eth1/22       1       eth  access down    Link not connected         auto(D) --
Eth1/23       1       eth  access down    Link not connected         auto(D) --
Eth1/24       1       eth  access down    Link not connected         auto(D) --
Eth1/25       1       eth  access down    Link not connected         auto(D) --
Eth1/26       1       eth  access down    Link not connected         auto(D) --
Eth1/27       1       eth  access down    Link not connected         auto(D) --
Eth1/28       1       eth  access down    Link not connected         auto(D) --
Eth1/29       1       eth  access down    Link not connected         auto(D) --
Eth1/30       1       eth  access down    Link not connected         auto(D) --
Eth1/31       1       eth  access down    Link not connected         auto(D) --
Eth1/32       1       eth  access down    Link not connected         auto(D) --
Eth1/33       1       eth  access down    Link not connected         auto(D) --
Eth1/34       1       eth  access down    Link not connected         auto(D) --
Eth1/35       1       eth  access down    Link not connected         auto(D) --
Eth1/36       1       eth  access down    Link not connected         auto(D) --
Eth1/37       1       eth  access down    Link not connected         auto(D) --
Eth1/38       1       eth  access down    Link not connected         auto(D) --
Eth1/39       1       eth  access down    Link not connected         auto(D) --
Eth1/40       1       eth  access down    Link not connected         auto(D) --
Eth1/41       1       eth  access down    Link not connected         auto(D) --
Eth1/42       1       eth  access down    Link not connected         auto(D) --
Eth1/43       1       eth  access down    Link not connected         auto(D) --
Eth1/44       1       eth  access down    Link not connected         auto(D) --
Eth1/45       1       eth  access down    Link not connected         auto(D) --
Eth1/46       1       eth  access down    Link not connected         auto(D) --
Eth1/47       1       eth  access down    Link not connected         auto(D) --
Eth1/48       1       eth  access down    Link not connected         auto(D) --
Eth1/49       1       eth  access down    Link not connected         auto(D) --
Eth1/50       1       eth  access down    Link not connected         auto(D) --
Eth1/51       1       eth  access down    Link not connected         auto(D) --
Eth1/52       1       eth  access down    Link not connected         auto(D) --
Eth1/53       1       eth  access down    Link not connected         auto(D) --
Eth1/54       1       eth  access down    Link not connected         auto(D) --
Eth1/55       1       eth  access down    Link not connected         auto(D) --
Eth1/56       1       eth  access down    Link not connected         auto(D) --
Eth1/57       1       eth  access down    Link not connected         auto(D) --
Eth1/58       1       eth  access down    Link not connected         auto(D) --
Eth1/59       1       eth  access down    Link not connected         auto(D) --
Eth1/60       1       eth  access down    Link not connected         auto(D) --
Eth1/61       1       eth  access down    Link not connected         auto(D) --
Eth1/62       1       eth  access down    Link not connected         auto(D) --
Eth1/63       --      eth  routed down    Link not connected         auto(D) --
Eth1/64       --      eth  routed down    Link not connected         auto(D) --

--------------------------------------------------------------------------------
Interface     Status     Description
--------------------------------------------------------------------------------
Lo0           up         --
Lo13          up         --
Lo199         up         --

-------------------------------------------------------------------------------
Interface Secondary VLAN(Type)                    Status Reason                 
-------------------------------------------------------------------------------
Vlan1     --                                      down   Administratively down  
Pre-checks for 192.168.86.135 - Show Version:
User Access Verification
Cisco Nexus Operating System (NX-OS) Software
TAC support: http://www.cisco.com/tac
Documents: http://www.cisco.com/en/US/products/ps9372/tsd_products_support_series_home.html
Copyright (c) 2002-2017, Cisco Systems, Inc. All rights reserved.
The copyrights to certain works contained herein are owned by
other third parties and are used and distributed under license.
Some parts of this software are covered under the GNU Public
License. A copy of the license is available at
http://www.gnu.org/licenses/gpl.html.

NX-OSv9K is a demo version of the Nexus Operating System

Software
  BIOS: version 
  NXOS: version 7.0(3)I5(2)
  BIOS compile time:  
  NXOS image file is: bootflash:///nxos.7.0.3.I5.2.bin
  NXOS compile time:  2/16/2017 8:00:00 [02/16/2017 17:03:27]


Hardware
  cisco NX-OSv Chassis 
   with 8160556 kB of memory.
  Processor Board ID 9I6VWB61B0Y

  Device name: NXOS-1
  bootflash:    3509454 kB
Kernel uptime is 0 day(s), 1 hour(s), 19 minute(s), 15 second(s)

Last reset 
  Reason: Unknown
  System version: 
  Service: 

plugin
  Core Plugin, Ethernet Plugin

Active Package(s):
	
--------------------------------------------------------
Pre-upgrade checks passed for 192.168.86.135!
Starting pre-upgrade checks...
Enter password for all switches: 
Pre-checks for 192.168.86.28 - Disk Space:
User Access Verification
Pre-checks for 192.168.86.28 - Interface Status:
User Access Verification

--------------------------------------------------------------------------------
Port   VRF          Status IP Address                              Speed    MTU
--------------------------------------------------------------------------------
mgmt0  --           up     --                                      1000     1500

--------------------------------------------------------------------------------
Ethernet      VLAN    Type Mode   Status  Reason                   Speed     Port
Interface                                                                    Ch #
--------------------------------------------------------------------------------
Eth1/1        --      eth  routed up      none                       1000(D) --
Eth1/2        --      eth  routed up      none                       1000(D) --
Eth1/3        1       eth  access up      none                       1000(D) --
Eth1/4        1       eth  access up      none                       1000(D) --
Eth1/5        1       eth  access up      none                       1000(D) --
Eth1/6        1       eth  access up      none                       1000(D) --
Eth1/7        1       eth  access up      none                       1000(D) --
Eth1/8        1       eth  access down    Link not connected         auto(D) --
Eth1/9        1       eth  access down    Link not connected         auto(D) --
Eth1/10       1       eth  access down    Link not connected         auto(D) --
Eth1/11       1       eth  access down    Link not connected         auto(D) --
Eth1/12       1       eth  access down    Link not connected         auto(D) --
Eth1/13       1       eth  access down    Link not connected         auto(D) --
Eth1/14       1       eth  access down    Link not connected         auto(D) --
Eth1/15       1       eth  access down    Link not connected         auto(D) --
Eth1/16       1       eth  access down    Link not connected         auto(D) --
Eth1/17       1       eth  access down    Link not connected         auto(D) --
Eth1/18       1       eth  access down    Link not connected         auto(D) --
Eth1/19       1       eth  access down    Link not connected         auto(D) --
Eth1/20       1       eth  access down    Link not connected         auto(D) --
Eth1/21       1       eth  access down    Link not connected         auto(D) --
Eth1/22       1       eth  access down    Link not connected         auto(D) --
Eth1/23       1       eth  access down    Link not connected         auto(D) --
Eth1/24       1       eth  access down    Link not connected         auto(D) --
Eth1/25       1       eth  access down    Link not connected         auto(D) --
Eth1/26       1       eth  access down    Link not connected         auto(D) --
Eth1/27       1       eth  access down    Link not connected         auto(D) --
Eth1/28       1       eth  access down    Link not connected         auto(D) --
Eth1/29       1       eth  access down    Link not connected         auto(D) --
Eth1/30       1       eth  access down    Link not connected         auto(D) --
Eth1/31       1       eth  access down    Link not connected         auto(D) --
Eth1/32       1       eth  access down    Link not connected         auto(D) --
Eth1/33       1       eth  access down    Link not connected         auto(D) --
Eth1/34       1       eth  access down    Link not connected         auto(D) --
Eth1/35       1       eth  access down    Link not connected         auto(D) --
Eth1/36       1       eth  access down    Link not connected         auto(D) --
Eth1/37       1       eth  access down    Link not connected         auto(D) --
Eth1/38       1       eth  access down    Link not connected         auto(D) --
Eth1/39       1       eth  access down    Link not connected         auto(D) --
Eth1/40       1       eth  access down    Link not connected         auto(D) --
Eth1/41       1       eth  access down    Link not connected         auto(D) --
Eth1/42       1       eth  access down    Link not connected         auto(D) --
Eth1/43       1       eth  access down    Link not connected         auto(D) --
Eth1/44       1       eth  access down    Link not connected         auto(D) --
Eth1/45       1       eth  access down    Link not connected         auto(D) --
Eth1/46       1       eth  access down    Link not connected         auto(D) --
Eth1/47       1       eth  access down    Link not connected         auto(D) --
Eth1/48       1       eth  access down    Link not connected         auto(D) --
Eth1/49       1       eth  access down    Link not connected         auto(D) --
Eth1/50       --      eth  routed down    Link not connected         auto(D) --
Eth1/51       --      eth  routed down    Link not connected         auto(D) --
Eth1/52       --      eth  routed down    Link not connected         auto(D) --
Eth1/53       --      eth  routed down    Link not connected         auto(D) --
Eth1/54       --      eth  routed down    Link not connected         auto(D) --
Eth1/55       --      eth  routed down    Link not connected         auto(D) --
Eth1/56       --      eth  routed down    Link not connected         auto(D) --
Eth1/57       --      eth  routed down    Link not connected         auto(D) --
Eth1/58       --      eth  routed down    Link not connected         auto(D) --
Eth1/59       --      eth  routed down    Link not connected         auto(D) --
Eth1/60       --      eth  routed down    Link not connected         auto(D) --
Eth1/61       --      eth  routed down    Link not connected         auto(D) --
Eth1/62       --      eth  routed down    Link not connected         auto(D) --
Eth1/63       --      eth  routed down    Link not connected         auto(D) --
Eth1/64       --      eth  routed down    Link not connected         auto(D) --

--------------------------------------------------------------------------------
Interface     Status     Description
--------------------------------------------------------------------------------
Lo14          up         --
Pre-checks for 192.168.86.28 - Show Version:
User Access Verification
Cisco Nexus Operating System (NX-OS) Software
TAC support: http://www.cisco.com/tac
Documents: http://www.cisco.com/en/US/products/ps9372/tsd_products_support_series_home.html
Copyright (c) 2002-2017, Cisco Systems, Inc. All rights reserved.
The copyrights to certain works contained herein are owned by
other third parties and are used and distributed under license.
Some parts of this software are covered under the GNU Public
License. A copy of the license is available at
http://www.gnu.org/licenses/gpl.html.

NX-OSv9K is a demo version of the Nexus Operating System

Software
  BIOS: version 
  NXOS: version 7.0(3)I5(2)
  BIOS compile time:  
  NXOS image file is: bootflash:///nxos.7.0.3.I5.2.bin
  NXOS compile time:  2/16/2017 8:00:00 [02/16/2017 17:03:27]


Hardware
  cisco NX-OSv Chassis 
   with 8160556 kB of memory.
  Processor Board ID 94F27B79FNT

  Device name: NXOS-2
  bootflash:    3509454 kB
Kernel uptime is 0 day(s), 1 hour(s), 25 minute(s), 4 second(s)

Last reset 
  Reason: Unknown
  System version: 
  Service: 

plugin
  Core Plugin, Ethernet Plugin

Active Package(s):
	
--------------------------------------------------------
Pre-upgrade checks passed for 192.168.86.28!
Pre-checks for 192.168.86.135 - Disk Space:
User Access Verification
Pre-checks for 192.168.86.135 - Interface Status:
User Access Verification

--------------------------------------------------------------------------------
Port   VRF          Status IP Address                              Speed    MTU
--------------------------------------------------------------------------------
mgmt0  --           up     --                                      1000     1500

--------------------------------------------------------------------------------
Ethernet      VLAN    Type Mode   Status  Reason                   Speed     Port
Interface                                                                    Ch #
--------------------------------------------------------------------------------
Eth1/1        --      eth  routed up      none                       1000(D) --
Eth1/2        --      eth  routed up      none                       1000(D) --
Eth1/3        --      eth  routed up      none                       1000(D) --
Eth1/4        --      eth  routed up      none                       1000(D) --
Eth1/5        1       eth  access up      none                       1000(D) --
Eth1/6        1       eth  access up      none                       1000(D) --
Eth1/7        1       eth  access up      none                       1000(D) --
Eth1/8        1       eth  access down    Link not connected         auto(D) --
Eth1/9        1       eth  access down    Link not connected         auto(D) --
Eth1/10       1       eth  access down    Link not connected         auto(D) --
Eth1/11       1       eth  access down    Link not connected         auto(D) --
Eth1/12       1       eth  access down    Link not connected         auto(D) --
Eth1/13       1       eth  access down    Link not connected         auto(D) --
Eth1/14       1       eth  access down    Link not connected         auto(D) --
Eth1/15       1       eth  access down    Link not connected         auto(D) --
Eth1/16       1       eth  access down    Link not connected         auto(D) --
Eth1/17       1       eth  access down    Link not connected         auto(D) --
Eth1/18       1       eth  access down    Link not connected         auto(D) --
Eth1/19       1       eth  access down    Link not connected         auto(D) --
Eth1/20       1       eth  access down    Link not connected         auto(D) --
Eth1/21       1       eth  access down    Link not connected         auto(D) --
Eth1/22       1       eth  access down    Link not connected         auto(D) --
Eth1/23       1       eth  access down    Link not connected         auto(D) --
Eth1/24       1       eth  access down    Link not connected         auto(D) --
Eth1/25       1       eth  access down    Link not connected         auto(D) --
Eth1/26       1       eth  access down    Link not connected         auto(D) --
Eth1/27       1       eth  access down    Link not connected         auto(D) --
Eth1/28       1       eth  access down    Link not connected         auto(D) --
Eth1/29       1       eth  access down    Link not connected         auto(D) --
Eth1/30       1       eth  access down    Link not connected         auto(D) --
Eth1/31       1       eth  access down    Link not connected         auto(D) --
Eth1/32       1       eth  access down    Link not connected         auto(D) --
Eth1/33       1       eth  access down    Link not connected         auto(D) --
Eth1/34       1       eth  access down    Link not connected         auto(D) --
Eth1/35       1       eth  access down    Link not connected         auto(D) --
Eth1/36       1       eth  access down    Link not connected         auto(D) --
Eth1/37       1       eth  access down    Link not connected         auto(D) --
Eth1/38       1       eth  access down    Link not connected         auto(D) --
Eth1/39       1       eth  access down    Link not connected         auto(D) --
Eth1/40       1       eth  access down    Link not connected         auto(D) --
Eth1/41       1       eth  access down    Link not connected         auto(D) --
Eth1/42       1       eth  access down    Link not connected         auto(D) --
Eth1/43       1       eth  access down    Link not connected         auto(D) --
Eth1/44       1       eth  access down    Link not connected         auto(D) --
Eth1/45       1       eth  access down    Link not connected         auto(D) --
Eth1/46       1       eth  access down    Link not connected         auto(D) --
Eth1/47       1       eth  access down    Link not connected         auto(D) --
Eth1/48       1       eth  access down    Link not connected         auto(D) --
Eth1/49       1       eth  access down    Link not connected         auto(D) --
Eth1/50       1       eth  access down    Link not connected         auto(D) --
Eth1/51       1       eth  access down    Link not connected         auto(D) --
Eth1/52       1       eth  access down    Link not connected         auto(D) --
Eth1/53       1       eth  access down    Link not connected         auto(D) --
Eth1/54       1       eth  access down    Link not connected         auto(D) --
Eth1/55       1       eth  access down    Link not connected         auto(D) --
Eth1/56       1       eth  access down    Link not connected         auto(D) --
Eth1/57       1       eth  access down    Link not connected         auto(D) --
Eth1/58       1       eth  access down    Link not connected         auto(D) --
Eth1/59       1       eth  access down    Link not connected         auto(D) --
Eth1/60       1       eth  access down    Link not connected         auto(D) --
Eth1/61       1       eth  access down    Link not connected         auto(D) --
Eth1/62       1       eth  access down    Link not connected         auto(D) --
Eth1/63       --      eth  routed down    Link not connected         auto(D) --
Eth1/64       --      eth  routed down    Link not connected         auto(D) --

--------------------------------------------------------------------------------
Interface     Status     Description
--------------------------------------------------------------------------------
Lo0           up         --
Lo13          up         --
Lo199         up         --

-------------------------------------------------------------------------------
Interface Secondary VLAN(Type)                    Status Reason                 
-------------------------------------------------------------------------------
Vlan1     --                                      down   Administratively down  
Pre-checks for 192.168.86.135 - Show Version:
User Access Verification
Cisco Nexus Operating System (NX-OS) Software
TAC support: http://www.cisco.com/tac
Documents: http://www.cisco.com/en/US/products/ps9372/tsd_products_support_series_home.html
Copyright (c) 2002-2017, Cisco Systems, Inc. All rights reserved.
The copyrights to certain works contained herein are owned by
other third parties and are used and distributed under license.
Some parts of this software are covered under the GNU Public
License. A copy of the license is available at
http://www.gnu.org/licenses/gpl.html.

NX-OSv9K is a demo version of the Nexus Operating System

Software
  BIOS: version 
  NXOS: version 7.0(3)I5(2)
  BIOS compile time:  
  NXOS image file is: bootflash:///nxos.7.0.3.I5.2.bin
  NXOS compile time:  2/16/2017 8:00:00 [02/16/2017 17:03:27]


Hardware
  cisco NX-OSv Chassis 
   with 8160556 kB of memory.
  Processor Board ID 9I6VWB61B0Y

  Device name: NXOS-1
  bootflash:    3509454 kB
Kernel uptime is 0 day(s), 1 hour(s), 28 minute(s), 43 second(s)

Last reset 
  Reason: Unknown
  System version: 
  Service: 

plugin
  Core Plugin, Ethernet Plugin

Active Package(s):
	
--------------------------------------------------------
Pre-upgrade checks passed for 192.168.86.135!
